<?xml version="1.0" encoding="UTF-8"?>
<!-- Generated by org.testng.reporters.JUnitReportReporter -->
<testsuite hostname="Prathamesh" failures="0" tests="3" name="com.gipl.lms.test.Login" time="21.241" errors="0" timestamp="7 Mar 2020 09:50:04 GMT">
  <testcase classname="com.gipl.lms.test.Login" name="test" time="8.500"/>
  <testcase classname="com.gipl.lms.test.Login" name="test" time="12.061"/>
  <testcase classname="com.gipl.lms.test.Login" name="test" time="0.680"/>
</testsuite> <!-- com.gipl.lms.test.Login -->
