<?xml version="1.0" encoding="UTF-8"?>
<!-- Generated by org.testng.reporters.JUnitReportReporter -->
<testsuite hostname="Prathamesh" failures="0" tests="3" name="com.gipl.lms.test.Login" time="19.887" errors="0" timestamp="5 Mar 2020 05:45:47 GMT">
  <testcase classname="com.gipl.lms.test.Login" name="test" time="11.096"/>
  <testcase classname="com.gipl.lms.test.Login" name="test" time="8.299"/>
  <testcase classname="com.gipl.lms.test.Login" name="test" time="0.492"/>
</testsuite> <!-- com.gipl.lms.test.Login -->
