<?xml version="1.0" encoding="UTF-8"?>
<!-- Generated by org.testng.reporters.JUnitReportReporter -->
<testsuite hostname="Prathamesh" failures="0" tests="1" name="com.gipl.lmsat.NewTest" time="0.033" errors="0" timestamp="28 Feb 2020 11:01:23 GMT">
  <testcase classname="com.gipl.lmsat.NewTest" name="test" time="0.033"/>
</testsuite> <!-- com.gipl.lmsat.NewTest -->
